Using pre-set license
Built from '2020.3/staging' branch; Version is '2020.3.17f1 (a4537701e4ab) revision 10769271'; Using compiler version '192528614'; Build Type 'Release'
OS: 'Windows 10 Home; OS build 22000.795; Version 2009; 64bit' Language: 'tr' Physical Memory: 32530 MB
BatchMode: 1, IsHumanControllingUs: 0, StartBugReporterOnCrash: 0, Is64bit: 1, IsPro: 0

COMMAND LINE ARGUMENTS:
C:\Program Files\Unity\Hub\Editor\2020.3.17f1\Editor\Unity.exe
-adb2
-batchMode
-noUpm
-name
AssetImportWorker0
-projectPath
C:/Users/higst/Desktop/LevelUp Academy Projects/DreamteckSplines
-logFile
Logs/AssetImportWorker0.log
-srvPort
53114
Successfully changed project path to: C:/Users/higst/Desktop/LevelUp Academy Projects/DreamteckSplines
C:/Users/higst/Desktop/LevelUp Academy Projects/DreamteckSplines
Using Asset Import Pipeline V2.
Refreshing native plugins compatible for Editor in 56.16 ms, found 2 plugins.
Preloading 0 native plugins for Editor in 0.00 ms.
Initialize engine version: 2020.3.17f1 (a4537701e4ab)
[Subsystems] Discovering subsystems at path C:/Program Files/Unity/Hub/Editor/2020.3.17f1/Editor/Data/Resources/UnitySubsystems
[Subsystems] Discovering subsystems at path C:/Users/higst/Desktop/LevelUp Academy Projects/DreamteckSplines/Assets
GfxDevice: creating device client; threaded=0
Direct3D:
    Version:  Direct3D 11.0 [level 11.1]
    Renderer: NVIDIA GeForce RTX 2080 Super (ID=0x1ed3)
    Vendor:   
    VRAM:     8010 MB
    Driver:   30.0.15.1298
Initialize mono
Mono path[0] = 'C:/Program Files/Unity/Hub/Editor/2020.3.17f1/Editor/Data/Managed'
Mono path[1] = 'C:/Program Files/Unity/Hub/Editor/2020.3.17f1/Editor/Data/MonoBleedingEdge/lib/mono/unityjit'
Mono config path = 'C:/Program Files/Unity/Hub/Editor/2020.3.17f1/Editor/Data/MonoBleedingEdge/etc'
Using monoOptions --debugger-agent=transport=dt_socket,embedding=1,server=y,suspend=n,address=127.0.0.1:56556
Begin MonoManager ReloadAssembly
Registering precompiled unity dll's ...
Register platform support module: C:/Program Files/Unity/Hub/Editor/2020.3.17f1/Editor/Data/PlaybackEngines/WindowsStandaloneSupport/UnityEditor.WindowsStandalone.Extensions.dll
Registered in 0.001323 seconds.
Native extension for WindowsStandalone target not found
Refreshing native plugins compatible for Editor in 60.07 ms, found 2 plugins.
Preloading 0 native plugins for Editor in 0.00 ms.
Mono: successfully reloaded assembly
- Completed reload, in  1.736 seconds
Domain Reload Profiling:
	ReloadAssembly (1736ms)
		BeginReloadAssembly (48ms)
			ExecutionOrderSort (0ms)
			DisableScriptedObjects (0ms)
			BackupInstance (0ms)
			ReleaseScriptingObjects (0ms)
			CreateAndSetChildDomain (1ms)
		EndReloadAssembly (500ms)
			LoadAssemblies (46ms)
			RebuildTransferFunctionScriptingTraits (0ms)
			SetupTypeCache (189ms)
			ReleaseScriptCaches (0ms)
			RebuildScriptCaches (34ms)
			SetupLoadedEditorAssemblies (206ms)
				LogAssemblyErrors (0ms)
				InitializePlatformSupportModulesInManaged (5ms)
				SetLoadedEditorAssemblies (0ms)
				RefreshPlugins (60ms)
				BeforeProcessingInitializeOnLoad (18ms)
				ProcessInitializeOnLoadAttributes (93ms)
				ProcessInitializeOnLoadMethodAttributes (30ms)
				AfterProcessingInitializeOnLoad (0ms)
				EditorAssembliesLoaded (0ms)
			ExecutionOrderSort2 (0ms)
			AwakeInstancesAfterBackupRestoration (0ms)
Platform modules already initialized, skipping
Registering precompiled user dll's ...
Registered in 0.004553 seconds.
Begin MonoManager ReloadAssembly
Native extension for WindowsStandalone target not found
Refreshing native plugins compatible for Editor in 53.74 ms, found 2 plugins.
Preloading 0 native plugins for Editor in 0.00 ms.
Mono: successfully reloaded assembly
- Completed reload, in  1.307 seconds
Domain Reload Profiling:
	ReloadAssembly (1308ms)
		BeginReloadAssembly (149ms)
			ExecutionOrderSort (0ms)
			DisableScriptedObjects (5ms)
			BackupInstance (0ms)
			ReleaseScriptingObjects (0ms)
			CreateAndSetChildDomain (21ms)
		EndReloadAssembly (1091ms)
			LoadAssemblies (91ms)
			RebuildTransferFunctionScriptingTraits (0ms)
			SetupTypeCache (342ms)
			ReleaseScriptCaches (1ms)
			RebuildScriptCaches (54ms)
			SetupLoadedEditorAssemblies (475ms)
				LogAssemblyErrors (0ms)
				InitializePlatformSupportModulesInManaged (4ms)
				SetLoadedEditorAssemblies (0ms)
				RefreshPlugins (54ms)
				BeforeProcessingInitializeOnLoad (83ms)
				ProcessInitializeOnLoadAttributes (324ms)
				ProcessInitializeOnLoadMethodAttributes (5ms)
				AfterProcessingInitializeOnLoad (5ms)
				EditorAssembliesLoaded (0ms)
			ExecutionOrderSort2 (0ms)
			AwakeInstancesAfterBackupRestoration (6ms)
Platform modules already initialized, skipping
========================================================================
Worker process is ready to serve import requests
Launched and connected shader compiler UnityShaderCompiler.exe after 0.05 seconds
Refreshing native plugins compatible for Editor in 0.64 ms, found 2 plugins.
Preloading 0 native plugins for Editor in 0.00 ms.
Unloading 2874 Unused Serialized files (Serialized files now loaded: 0)
System memory in use before: 128.0 MB.
System memory in use after: 128.1 MB.

Unloading 19 unused Assets to reduce memory usage. Loaded Objects now: 3309.
Total: 4.430200 ms (FindLiveObjects: 0.350400 ms CreateObjectMapping: 0.285900 ms MarkObjects: 3.705300 ms  DeleteObjects: 0.087000 ms)

AssetImportParameters requested are different than current active one (requested -> active):
  custom:framework-win-MediaFoundation: 216162199b28c13a410421893ffa2e32 -> 
  custom:video-decoder-ogg-theora: a1e56fd34408186e4bbccfd4996cb3dc -> 
  custom:container-muxer-webm: aa71ff27fc2769a1b78a27578f13a17b -> 
  custom:container-demuxer-webm: 4f35f7cbe854078d1ac9338744f61a02 -> 
  custom:container-demuxer-ogg: 62fdf1f143b41e24485cea50d1cbac27 -> 
  custom:video-encoder-webm-vp8: eb34c28f22e8b96e1ab97ce403110664 -> 
  custom:video-codec-MediaFoundation-h265: 746d11721c4dcdbdad8f713fa42b33f4 -> 
  custom:video-decoder-webm-vp8: 9c59270c3fd7afecdb556c50c9e8de78 -> 
  custom:audio-decoder-ogg-vorbis: bf7c407c2cedff20999df2af8eb42d56 -> 
  custom:audio-encoder-webm-vorbis: bf7c407c2cedff20999df2af8eb42d56 -> 
========================================================================
Received Import Request.
  path: Assets/Dreamteck/Splines/Examples/AudioVisualization/waveform.mat
  artifactKey: Guid(01b24eeeed3c8c34ca64d698388e0216) Importer(815301076,1909f56bfc062723c751e8b465ee728b)
Start importing Assets/Dreamteck/Splines/Examples/AudioVisualization/waveform.mat using Guid(01b24eeeed3c8c34ca64d698388e0216) Importer(815301076,1909f56bfc062723c751e8b465ee728b)  -> (artifact id: '675d2a62ac04acbe0265e59bebe3cfcd') in 0.305742 seconds 
  Import took 0.311209 seconds .

========================================================================
Received Import Request.
  Time since last request: 0.000228 seconds.
  path: Assets/Dreamteck/Splines/Examples/AudioVisualization/waveform.PNG
  artifactKey: Guid(0c9747d5fa65b3c4a9e5999e3511a5e5) Importer(815301076,1909f56bfc062723c751e8b465ee728b)
Start importing Assets/Dreamteck/Splines/Examples/AudioVisualization/waveform.PNG using Guid(0c9747d5fa65b3c4a9e5999e3511a5e5) Importer(815301076,1909f56bfc062723c751e8b465ee728b)  -> (artifact id: '081356e62a6bf279c4fbf1180ce54d0a') in 0.021158 seconds 
  Import took 0.026245 seconds .

========================================================================
Received Import Request.
  Time since last request: 0.000298 seconds.
  path: Assets/Dreamteck/Splines/Examples/AudioVisualization/bensound-dubstep.mp3
  artifactKey: Guid(4464e203b9fee474c9fcdc8c4f920746) Importer(815301076,1909f56bfc062723c751e8b465ee728b)
Start importing Assets/Dreamteck/Splines/Examples/AudioVisualization/bensound-dubstep.mp3 using Guid(4464e203b9fee474c9fcdc8c4f920746) Importer(815301076,1909f56bfc062723c751e8b465ee728b)  -> (artifact id: 'c478f0262512a3d1f8c6cc92d3fb4cd5') in 0.116881 seconds 
  Import took 0.122168 seconds .

========================================================================
Received Import Request.
  Time since last request: 5.282172 seconds.
  path: Assets/Dreamteck/Splines/Examples/Following/Scene.unity
  artifactKey: Guid(3d9c5bdf759276d4ca2c4ff4247e3dfd) Importer(815301076,1909f56bfc062723c751e8b465ee728b)
Start importing Assets/Dreamteck/Splines/Examples/Following/Scene.unity using Guid(3d9c5bdf759276d4ca2c4ff4247e3dfd) Importer(815301076,1909f56bfc062723c751e8b465ee728b)  -> (artifact id: '05a68fa34042c6873c706873572446c6') in 0.007254 seconds 
  Import took 0.011404 seconds .

========================================================================
Received Import Request.
  Time since last request: 54.703610 seconds.
  path: Assets/Dreamteck/Splines/Examples/Following/Material
  artifactKey: Guid(6021ba6ec6cce1d408b56e2511966dc0) Importer(815301076,1909f56bfc062723c751e8b465ee728b)
Start importing Assets/Dreamteck/Splines/Examples/Following/Material using Guid(6021ba6ec6cce1d408b56e2511966dc0) Importer(815301076,1909f56bfc062723c751e8b465ee728b)  -> (artifact id: 'f7250650e626af39715843c6fbbc8264') in 0.005640 seconds 
  Import took 0.011346 seconds .

========================================================================
Received Import Request.
  Time since last request: 0.065955 seconds.
  path: Assets/Dreamteck/Splines/Examples/Following/Material/Colorsheet.png
  artifactKey: Guid(4b2ae94c6dc66684389c25c8e8ae43ec) Importer(815301076,1909f56bfc062723c751e8b465ee728b)
Start importing Assets/Dreamteck/Splines/Examples/Following/Material/Colorsheet.png using Guid(4b2ae94c6dc66684389c25c8e8ae43ec) Importer(815301076,1909f56bfc062723c751e8b465ee728b)  -> (artifact id: 'a4d1d6c677190dd871074cffeb93e508') in 0.011049 seconds 
  Import took 0.015226 seconds .

========================================================================
Received Import Request.
  Time since last request: 0.000250 seconds.
  path: Assets/Dreamteck/Splines/Examples/Following/Material/MaterialColorsheet.mat
  artifactKey: Guid(a97822256caa3254fb7b880303af5694) Importer(815301076,1909f56bfc062723c751e8b465ee728b)
Start importing Assets/Dreamteck/Splines/Examples/Following/Material/MaterialColorsheet.mat using Guid(a97822256caa3254fb7b880303af5694) Importer(815301076,1909f56bfc062723c751e8b465ee728b)  -> (artifact id: 'f4aba782b04c16388c80b152e5f5989f') in 0.018915 seconds 
  Import took 0.024415 seconds .

========================================================================
Received Import Request.
  Time since last request: 32.825696 seconds.
  path: Assets/Dreamteck/Splines/Examples/Following/Meshes/comp.fbx
  artifactKey: Guid(20f2ce228099fae43b8da4b5b177ebc2) Importer(815301076,1909f56bfc062723c751e8b465ee728b)
Start importing Assets/Dreamteck/Splines/Examples/Following/Meshes/comp.fbx using Guid(20f2ce228099fae43b8da4b5b177ebc2) Importer(815301076,1909f56bfc062723c751e8b465ee728b)  -> (artifact id: 'eb31d8110497bc4fdd4bd4a8693c5db4') in 0.087446 seconds 
  Import took 0.092448 seconds .

========================================================================
Received Import Request.
  Time since last request: 0.000214 seconds.
  path: Assets/Dreamteck/Splines/Examples/Following/Meshes/EA_Bush1c.fbx
  artifactKey: Guid(b8c53a539e7e45741b64c1c8041b2b56) Importer(815301076,1909f56bfc062723c751e8b465ee728b)
Start importing Assets/Dreamteck/Splines/Examples/Following/Meshes/EA_Bush1c.fbx using Guid(b8c53a539e7e45741b64c1c8041b2b56) Importer(815301076,1909f56bfc062723c751e8b465ee728b)  -> (artifact id: '4f018db373c12e7bee768d9d6d0e408b') in 0.042535 seconds 
  Import took 0.046712 seconds .

========================================================================
Received Import Request.
  Time since last request: 0.000164 seconds.
  path: Assets/Dreamteck/Splines/Examples/Following/Meshes/EA_Rock32.fbx
  artifactKey: Guid(afd4357feb5fcea47b84c9d3c41a6b96) Importer(815301076,1909f56bfc062723c751e8b465ee728b)
Start importing Assets/Dreamteck/Splines/Examples/Following/Meshes/EA_Rock32.fbx using Guid(afd4357feb5fcea47b84c9d3c41a6b96) Importer(815301076,1909f56bfc062723c751e8b465ee728b)  -> (artifact id: '380b3e36224c8f4a80e467d203ade5e4') in 0.050975 seconds 
  Import took 0.055103 seconds .

========================================================================
Received Import Request.
  Time since last request: 0.000224 seconds.
  path: Assets/Dreamteck/Splines/Examples/Following/Meshes/EA_Bush2d.fbx
  artifactKey: Guid(46aaeae69e1ce6c4b9be2bc9395177c2) Importer(815301076,1909f56bfc062723c751e8b465ee728b)
Start importing Assets/Dreamteck/Splines/Examples/Following/Meshes/EA_Bush2d.fbx using Guid(46aaeae69e1ce6c4b9be2bc9395177c2) Importer(815301076,1909f56bfc062723c751e8b465ee728b)  -> (artifact id: 'f1ba1c19afe938e1fe4ae12e491b71fe') in 0.036293 seconds 
  Import took 0.040678 seconds .

========================================================================
Received Import Request.
  Time since last request: 0.000242 seconds.
  path: Assets/Dreamteck/Splines/Examples/Following/Meshes/EA_Swamp_tree6.fbx
  artifactKey: Guid(888af381b175d31469e35c2145b65f62) Importer(815301076,1909f56bfc062723c751e8b465ee728b)
Start importing Assets/Dreamteck/Splines/Examples/Following/Meshes/EA_Swamp_tree6.fbx using Guid(888af381b175d31469e35c2145b65f62) Importer(815301076,1909f56bfc062723c751e8b465ee728b)  -> (artifact id: '1a28b70d3a6d2f20030d7c0a4927e0b2') in 0.036443 seconds 
  Import took 0.040656 seconds .

========================================================================
Received Import Request.
  Time since last request: 0.000211 seconds.
  path: Assets/Dreamteck/Splines/Examples/Following/Meshes/EA_Pier1_end.fbx
  artifactKey: Guid(72319510d946ec04cad1d75fc861de34) Importer(815301076,1909f56bfc062723c751e8b465ee728b)
Start importing Assets/Dreamteck/Splines/Examples/Following/Meshes/EA_Pier1_end.fbx using Guid(72319510d946ec04cad1d75fc861de34) Importer(815301076,1909f56bfc062723c751e8b465ee728b)  -> (artifact id: 'fd9efc639c0127971682f77ac4b3c033') in 0.027202 seconds 
  Import took 0.031361 seconds .

========================================================================
Received Import Request.
  Time since last request: 0.000202 seconds.
  path: Assets/Dreamteck/Splines/Examples/Following/Meshes/EA_branch4.fbx
  artifactKey: Guid(622e8142a7490d14a8e746ec9ea6df60) Importer(815301076,1909f56bfc062723c751e8b465ee728b)
Start importing Assets/Dreamteck/Splines/Examples/Following/Meshes/EA_branch4.fbx using Guid(622e8142a7490d14a8e746ec9ea6df60) Importer(815301076,1909f56bfc062723c751e8b465ee728b)  -> (artifact id: '596569f77d49a8d27c4226d516c60748') in 0.030891 seconds 
  Import took 0.035379 seconds .

========================================================================
Received Import Request.
  Time since last request: 2.764556 seconds.
  path: Assets/Dreamteck/Splines/Examples/Following/Prefabs/EA_branch4_PRE.prefab
  artifactKey: Guid(164b05b00e842e24fa9ac40c8d1758ae) Importer(815301076,1909f56bfc062723c751e8b465ee728b)
Start importing Assets/Dreamteck/Splines/Examples/Following/Prefabs/EA_branch4_PRE.prefab using Guid(164b05b00e842e24fa9ac40c8d1758ae) Importer(815301076,1909f56bfc062723c751e8b465ee728b)  -> (artifact id: 'dc1a3fb225545680c5b53e2af9c6339a') in 0.015153 seconds 
  Import took 0.020301 seconds .

========================================================================
Received Import Request.
  Time since last request: 0.000280 seconds.
  path: Assets/Dreamteck/Splines/Examples/Following/Prefabs/EA_Swamp_tree6_PRE.prefab
  artifactKey: Guid(cffa043ea91396745993d0ccf3d1f172) Importer(815301076,1909f56bfc062723c751e8b465ee728b)
Start importing Assets/Dreamteck/Splines/Examples/Following/Prefabs/EA_Swamp_tree6_PRE.prefab using Guid(cffa043ea91396745993d0ccf3d1f172) Importer(815301076,1909f56bfc062723c751e8b465ee728b)  -> (artifact id: 'd108ce8c9e36ac0cd987d254c387000c') in 0.011916 seconds 
  Import took 0.016317 seconds .

========================================================================
Received Import Request.
  Time since last request: 0.000238 seconds.
  path: Assets/Dreamteck/Splines/Examples/Following/Prefabs/EA_Bush2d_PRE.prefab
  artifactKey: Guid(b22d7eab3871ee64f93e4d7d4e0947c9) Importer(815301076,1909f56bfc062723c751e8b465ee728b)
Start importing Assets/Dreamteck/Splines/Examples/Following/Prefabs/EA_Bush2d_PRE.prefab using Guid(b22d7eab3871ee64f93e4d7d4e0947c9) Importer(815301076,1909f56bfc062723c751e8b465ee728b)  -> (artifact id: '849aac5372c021c1d5acef80ffc521bd') in 0.013311 seconds 
  Import took 0.018036 seconds .

========================================================================
Received Import Request.
  Time since last request: 0.000258 seconds.
  path: Assets/Dreamteck/Splines/Examples/Following/Prefabs/EA_Pier1_end_PRE.prefab
  artifactKey: Guid(d9506ec0207db5d44a64f4e879f34af6) Importer(815301076,1909f56bfc062723c751e8b465ee728b)
Start importing Assets/Dreamteck/Splines/Examples/Following/Prefabs/EA_Pier1_end_PRE.prefab using Guid(d9506ec0207db5d44a64f4e879f34af6) Importer(815301076,1909f56bfc062723c751e8b465ee728b)  -> (artifact id: '4eba158bc851d3e5e64eda7ad509f26c') in 0.013377 seconds 
  Import took 0.018219 seconds .

========================================================================
Received Import Request.
  Time since last request: 0.000310 seconds.
  path: Assets/Dreamteck/Splines/Examples/Following/Prefabs/EA_Bush1c_PRE.prefab
  artifactKey: Guid(952f9c1c15edf1a45ab7acbf625d58e1) Importer(815301076,1909f56bfc062723c751e8b465ee728b)
Start importing Assets/Dreamteck/Splines/Examples/Following/Prefabs/EA_Bush1c_PRE.prefab using Guid(952f9c1c15edf1a45ab7acbf625d58e1) Importer(815301076,1909f56bfc062723c751e8b465ee728b)  -> (artifact id: 'd1b2b1956ce262c2f8e505b738a63904') in 0.013956 seconds 
  Import took 0.019084 seconds .

========================================================================
Received Import Request.
  Time since last request: 0.000266 seconds.
  path: Assets/Dreamteck/Splines/Examples/Following/Prefabs/EA_Rock32_PRE.prefab
  artifactKey: Guid(f8bfb921d5296614888fc25cc28cc565) Importer(815301076,1909f56bfc062723c751e8b465ee728b)
Start importing Assets/Dreamteck/Splines/Examples/Following/Prefabs/EA_Rock32_PRE.prefab using Guid(f8bfb921d5296614888fc25cc28cc565) Importer(815301076,1909f56bfc062723c751e8b465ee728b)  -> (artifact id: '532281341edfed4d11abcb001753c109') in 0.013439 seconds 
  Import took 0.019700 seconds .

========================================================================
Received Import Request.
  Time since last request: 13.049637 seconds.
  path: Assets/Dreamteck/Splines/Editor/Icons/add.png
  artifactKey: Guid(7a5d15f3cf0772b4eaea6396d1733b62) Importer(815301076,1909f56bfc062723c751e8b465ee728b)
Start importing Assets/Dreamteck/Splines/Editor/Icons/add.png using Guid(7a5d15f3cf0772b4eaea6396d1733b62) Importer(815301076,1909f56bfc062723c751e8b465ee728b)  -> (artifact id: '1d432820d01236b52fce99c77b744283') in 0.018255 seconds 
  Import took 0.024279 seconds .

========================================================================
Received Import Request.
  Time since last request: 0.000266 seconds.
  path: Assets/Dreamteck/Splines/Components/Icons/EdgeColliderGenerator.png
  artifactKey: Guid(7417baf45051d9e4b974d45e69811efd) Importer(815301076,1909f56bfc062723c751e8b465ee728b)
Start importing Assets/Dreamteck/Splines/Components/Icons/EdgeColliderGenerator.png using Guid(7417baf45051d9e4b974d45e69811efd) Importer(815301076,1909f56bfc062723c751e8b465ee728b)  -> (artifact id: '47ee849246ddfff734d6cdb05949d52e') in 0.046763 seconds 
  Import took 0.051963 seconds .

========================================================================
Received Import Request.
  Time since last request: 0.000247 seconds.
  path: Assets/ExampleAssets/Textures/Props/Construction_Light/ConstructionLight_Albedo.tif
  artifactKey: Guid(2ec6e1532acb1254f9f3797b5d82db44) Importer(815301076,1909f56bfc062723c751e8b465ee728b)
Start importing Assets/ExampleAssets/Textures/Props/Construction_Light/ConstructionLight_Albedo.tif using Guid(2ec6e1532acb1254f9f3797b5d82db44) Importer(815301076,1909f56bfc062723c751e8b465ee728b)  -> (artifact id: '56b744d6f60d1a86ff1d04cb594f3e73') in 0.036016 seconds 
  Import took 0.040644 seconds .

========================================================================
Received Import Request.
  Time since last request: 0.000312 seconds.
  path: Assets/Dreamteck/Splines/Editor/Icons/add_dark.png
  artifactKey: Guid(96b7dbe2cec681345a8b3f4dc38944d9) Importer(815301076,1909f56bfc062723c751e8b465ee728b)
Start importing Assets/Dreamteck/Splines/Editor/Icons/add_dark.png using Guid(96b7dbe2cec681345a8b3f4dc38944d9) Importer(815301076,1909f56bfc062723c751e8b465ee728b)  -> (artifact id: '10f40baed9b6ee98856db5935e71a07d') in 0.010339 seconds 
  Import took 0.015075 seconds .

========================================================================
Received Import Request.
  Time since last request: 0.000278 seconds.
  path: Assets/Dreamteck/Splines/Examples/Junctions/Textures/Albedo.png
  artifactKey: Guid(3bb3c1f0ac2588040830ee0b7f39b57c) Importer(815301076,1909f56bfc062723c751e8b465ee728b)
Start importing Assets/Dreamteck/Splines/Examples/Junctions/Textures/Albedo.png using Guid(3bb3c1f0ac2588040830ee0b7f39b57c) Importer(815301076,1909f56bfc062723c751e8b465ee728b)  -> (artifact id: '956823d5df3aff48ec602d9d07972a2c') in 0.118514 seconds 
  Import took 0.123133 seconds .

========================================================================
Received Import Request.
  Time since last request: 0.000200 seconds.
  path: Assets/Dreamteck/Splines/Examples/Junctions/Materials/blueprint_grid.png
  artifactKey: Guid(ceede87cefdb16040828eb70cf9165c9) Importer(815301076,1909f56bfc062723c751e8b465ee728b)
Start importing Assets/Dreamteck/Splines/Examples/Junctions/Materials/blueprint_grid.png using Guid(ceede87cefdb16040828eb70cf9165c9) Importer(815301076,1909f56bfc062723c751e8b465ee728b)  -> (artifact id: 'b10d4fcd9ea97e21ce17008e6763a7ad') in 0.022205 seconds 
  Import took 0.026753 seconds .

========================================================================
Received Import Request.
  Time since last request: 0.000197 seconds.
  path: Assets/ExampleAssets/Textures/Props/Construction_Light/ConstructionLight_MetallicOcculusionSmoothness.tif
  artifactKey: Guid(9a81f1a59f171804e84fce76584bdcb7) Importer(815301076,1909f56bfc062723c751e8b465ee728b)
Start importing Assets/ExampleAssets/Textures/Props/Construction_Light/ConstructionLight_MetallicOcculusionSmoothness.tif using Guid(9a81f1a59f171804e84fce76584bdcb7) Importer(815301076,1909f56bfc062723c751e8b465ee728b)  -> (artifact id: '3ecab77574e4c53a99e2c6f460b3af90') in 0.021101 seconds 
  Import took 0.025286 seconds .

========================================================================
Received Import Request.
  Time since last request: 0.000216 seconds.
  path: Assets/Dreamteck/Utilities/Editor/Images/discord.png
  artifactKey: Guid(ca2ec96e04914514ca532b6d55c85db4) Importer(815301076,1909f56bfc062723c751e8b465ee728b)
Start importing Assets/Dreamteck/Utilities/Editor/Images/discord.png using Guid(ca2ec96e04914514ca532b6d55c85db4) Importer(815301076,1909f56bfc062723c751e8b465ee728b)  -> (artifact id: '07166aebaf7279bad2b24c18dfe6e69f') in 0.013621 seconds 
  Import took 0.018100 seconds .

========================================================================
Received Import Request.
  Time since last request: 0.000188 seconds.
  path: Assets/Dreamteck/Splines/Editor/Icons/add.png
  artifactKey: Guid(7a5d15f3cf0772b4eaea6396d1733b62) Importer(815301076,1909f56bfc062723c751e8b465ee728b)
Start importing Assets/Dreamteck/Splines/Editor/Icons/add.png using Guid(7a5d15f3cf0772b4eaea6396d1733b62) Importer(815301076,1909f56bfc062723c751e8b465ee728b)  -> (artifact id: '1d432820d01236b52fce99c77b744283') in 0.007860 seconds 
  Import took 0.012106 seconds .

========================================================================
Received Import Request.
  Time since last request: 0.000194 seconds.
  path: Assets/ExampleAssets/Textures/Drywall/Drywall_AlbedoSmoothness.tif
  artifactKey: Guid(3e11968c372730442aae3b4f7c909931) Importer(815301076,1909f56bfc062723c751e8b465ee728b)
Start importing Assets/ExampleAssets/Textures/Drywall/Drywall_AlbedoSmoothness.tif using Guid(3e11968c372730442aae3b4f7c909931) Importer(815301076,1909f56bfc062723c751e8b465ee728b)  -> (artifact id: '5b40bef8d26ed8e6020585d4c83f76db') in 0.020533 seconds 
  Import took 0.025351 seconds .

========================================================================
Received Import Request.
  Time since last request: 0.000274 seconds.
  path: Assets/ExampleAssets/Textures/Drywall/Drywall_Normal.tif
  artifactKey: Guid(e231e4c02c48ee14aafa55f7b1a843c1) Importer(815301076,1909f56bfc062723c751e8b465ee728b)
Start importing Assets/ExampleAssets/Textures/Drywall/Drywall_Normal.tif using Guid(e231e4c02c48ee14aafa55f7b1a843c1) Importer(815301076,1909f56bfc062723c751e8b465ee728b)  -> (artifact id: 'd3c0473e18dd42e2473f99e4e52679ba') in 0.020210 seconds 
  Import took 0.025200 seconds .

========================================================================
Received Import Request.
  Time since last request: 0.000364 seconds.
  path: Assets/Dreamteck/Splines/Editor/Icons/add_on.png
  artifactKey: Guid(e7c5e2732014d0841beb2e3da56410c5) Importer(815301076,1909f56bfc062723c751e8b465ee728b)
Start importing Assets/Dreamteck/Splines/Editor/Icons/add_on.png using Guid(e7c5e2732014d0841beb2e3da56410c5) Importer(815301076,1909f56bfc062723c751e8b465ee728b)  -> (artifact id: '49d7a6f0a4eda1b6fef7ddf087577f21') in 0.013751 seconds 
  Import took 0.018216 seconds .

========================================================================
Received Import Request.
  Time since last request: 0.000173 seconds.
  path: Assets/ExampleAssets/Textures/Drywall/Drywall_Albedo.tif
  artifactKey: Guid(eae496078d11426448124eaf8b285e6b) Importer(815301076,1909f56bfc062723c751e8b465ee728b)
Start importing Assets/ExampleAssets/Textures/Drywall/Drywall_Albedo.tif using Guid(eae496078d11426448124eaf8b285e6b) Importer(815301076,1909f56bfc062723c751e8b465ee728b)  -> (artifact id: 'c4fb94713767d1fc7f7a49e8b4a5a23a') in 0.020062 seconds 
  Import took 0.024824 seconds .

========================================================================
Received Import Request.
  Time since last request: 0.000199 seconds.
  path: Assets/Dreamteck/Splines/Editor/Icons/edit_cursor.png
  artifactKey: Guid(18bdcd629e6be3b40bea06b1eed30d3f) Importer(815301076,1909f56bfc062723c751e8b465ee728b)
Start importing Assets/Dreamteck/Splines/Editor/Icons/edit_cursor.png using Guid(18bdcd629e6be3b40bea06b1eed30d3f) Importer(815301076,1909f56bfc062723c751e8b465ee728b)  -> (artifact id: 'a515fd1acedc3ec9eb361b7eda5024c9') in 0.010027 seconds 
  Import took 0.015050 seconds .

========================================================================
Received Import Request.
  Time since last request: 0.000264 seconds.
  path: Assets/Dreamteck/Splines/Editor/Icons/add_on_dark.png
  artifactKey: Guid(0fe44e4f40f01a944acc051bb6a386ff) Importer(815301076,1909f56bfc062723c751e8b465ee728b)
Start importing Assets/Dreamteck/Splines/Editor/Icons/add_on_dark.png using Guid(0fe44e4f40f01a944acc051bb6a386ff) Importer(815301076,1909f56bfc062723c751e8b465ee728b)  -> (artifact id: '478f145d812d2c1e017ce5d09ebe40e9') in 0.009760 seconds 
  Import took 0.014656 seconds .

========================================================================
Received Import Request.
  Time since last request: 0.000283 seconds.
  path: Assets/ExampleAssets/Textures/Drywall/DrywallPainted_Normal.tif
  artifactKey: Guid(2cd242c9999e92b4ca96dab876cfaf13) Importer(815301076,1909f56bfc062723c751e8b465ee728b)
Start importing Assets/ExampleAssets/Textures/Drywall/DrywallPainted_Normal.tif using Guid(2cd242c9999e92b4ca96dab876cfaf13) Importer(815301076,1909f56bfc062723c751e8b465ee728b)  -> (artifact id: 'be1c9fbdffa63b0f57786126ec7d767b') in 0.019177 seconds 
  Import took 0.024092 seconds .

========================================================================
Received Import Request.
  Time since last request: 0.000282 seconds.
  path: Assets/Dreamteck/Splines/Examples/Projection/Materials/dash.PNG
  artifactKey: Guid(a1aef330126d3824bbf6e605a47d04d9) Importer(815301076,1909f56bfc062723c751e8b465ee728b)
Start importing Assets/Dreamteck/Splines/Examples/Projection/Materials/dash.PNG using Guid(a1aef330126d3824bbf6e605a47d04d9) Importer(815301076,1909f56bfc062723c751e8b465ee728b)  -> (artifact id: '7dbcffc553ffa621f235dc0e4c3ec0a0') in 0.010160 seconds 
  Import took 0.015640 seconds .

========================================================================
Received Import Request.
  Time since last request: 0.000243 seconds.
  path: Assets/Dreamteck/Utilities/Editor/Images/changelog.png
  artifactKey: Guid(703957d2518de2c47a715a045b142ec6) Importer(815301076,1909f56bfc062723c751e8b465ee728b)
Start importing Assets/Dreamteck/Utilities/Editor/Images/changelog.png using Guid(703957d2518de2c47a715a045b142ec6) Importer(815301076,1909f56bfc062723c751e8b465ee728b)  -> (artifact id: 'bd0d6d6da5cccb5c8f6ddd5e00ab458c') in 0.014472 seconds 
  Import took 0.019478 seconds .

========================================================================
Received Import Request.
  Time since last request: 0.010824 seconds.
  path: Assets/Dreamteck/Splines/Examples/Projection/Materials/dash.PNG
  artifactKey: Guid(a1aef330126d3824bbf6e605a47d04d9) Importer(815301076,1909f56bfc062723c751e8b465ee728b)
Start importing Assets/Dreamteck/Splines/Examples/Projection/Materials/dash.PNG using Guid(a1aef330126d3824bbf6e605a47d04d9) Importer(815301076,1909f56bfc062723c751e8b465ee728b)  -> (artifact id: '7dbcffc553ffa621f235dc0e4c3ec0a0') in 0.005939 seconds 
  Import took 0.011772 seconds .

========================================================================
Received Import Request.
  Time since last request: 2.262633 seconds.
  path: Assets/ExampleAssets/Textures/Plastic/Elastic_MetallicOcculusionSmoothness.tif
  artifactKey: Guid(f5df2fb0c070b57429f8ca23b216093b) Importer(815301076,1909f56bfc062723c751e8b465ee728b)
Start importing Assets/ExampleAssets/Textures/Plastic/Elastic_MetallicOcculusionSmoothness.tif using Guid(f5df2fb0c070b57429f8ca23b216093b) Importer(815301076,1909f56bfc062723c751e8b465ee728b)  -> (artifact id: 'ea8b5f2b114770c5bca4b81f94964e04') in 0.017630 seconds 
  Import took 0.022374 seconds .

========================================================================
Received Import Request.
  Time since last request: 0.000259 seconds.
  path: Assets/Dreamteck/Splines/Examples/Junctions/Textures/Emission.png
  artifactKey: Guid(33f02ef5b0e107d41a2b2964fd829793) Importer(815301076,1909f56bfc062723c751e8b465ee728b)
Start importing Assets/Dreamteck/Splines/Examples/Junctions/Textures/Emission.png using Guid(33f02ef5b0e107d41a2b2964fd829793) Importer(815301076,1909f56bfc062723c751e8b465ee728b)  -> (artifact id: '0f973f5cfe088880694f375b22bd8ee7') in 0.055807 seconds 
  Import took 0.061286 seconds .

========================================================================
Received Import Request.
  Time since last request: 0.000247 seconds.
  path: Assets/ExampleAssets/Textures/Plastic/Elastic_Normal.tif
  artifactKey: Guid(db17334dfe5991a4bbe241ee9a728c38) Importer(815301076,1909f56bfc062723c751e8b465ee728b)
Start importing Assets/ExampleAssets/Textures/Plastic/Elastic_Normal.tif using Guid(db17334dfe5991a4bbe241ee9a728c38) Importer(815301076,1909f56bfc062723c751e8b465ee728b)  -> (artifact id: '34f95f64dcb3890ada876eb18bbddf27') in 0.017021 seconds 
  Import took 0.021490 seconds .

========================================================================
Received Import Request.
  Time since last request: 0.000242 seconds.
  path: Assets/Dreamteck/Splines/Editor/Icons/forever.png
  artifactKey: Guid(a8c6341b9146b274a86ea850426901eb) Importer(815301076,1909f56bfc062723c751e8b465ee728b)
Start importing Assets/Dreamteck/Splines/Editor/Icons/forever.png using Guid(a8c6341b9146b274a86ea850426901eb) Importer(815301076,1909f56bfc062723c751e8b465ee728b)  -> (artifact id: 'bf77ad10d9edc325f741d0f3615c20f9') in 0.015536 seconds 
  Import took 0.021161 seconds .

========================================================================
Received Import Request.
  Time since last request: 0.000368 seconds.
  path: Assets/Dreamteck/Utilities/Editor/Images/examples.png
  artifactKey: Guid(efab8674905315440a387b05c0ce5ff4) Importer(815301076,1909f56bfc062723c751e8b465ee728b)
Start importing Assets/Dreamteck/Utilities/Editor/Images/examples.png using Guid(efab8674905315440a387b05c0ce5ff4) Importer(815301076,1909f56bfc062723c751e8b465ee728b)  -> (artifact id: '13e0b3c932bb60f8ba8f4008e6b97f88') in 0.015162 seconds 
  Import took 0.020597 seconds .

========================================================================
Received Import Request.
  Time since last request: 0.000191 seconds.
  path: Assets/Dreamteck/Splines/Editor/Icons/forever.png
  artifactKey: Guid(a8c6341b9146b274a86ea850426901eb) Importer(815301076,1909f56bfc062723c751e8b465ee728b)
Start importing Assets/Dreamteck/Splines/Editor/Icons/forever.png using Guid(a8c6341b9146b274a86ea850426901eb) Importer(815301076,1909f56bfc062723c751e8b465ee728b)  -> (artifact id: 'bf77ad10d9edc325f741d0f3615c20f9') in 0.005949 seconds 
  Import took 0.010739 seconds .

========================================================================
Received Import Request.
  Time since last request: 0.000267 seconds.
  path: Assets/Dreamteck/Utilities/Editor/Images/get_started.png
  artifactKey: Guid(af24004f75afd39469d2be2087678650) Importer(815301076,1909f56bfc062723c751e8b465ee728b)
Start importing Assets/Dreamteck/Utilities/Editor/Images/get_started.png using Guid(af24004f75afd39469d2be2087678650) Importer(815301076,1909f56bfc062723c751e8b465ee728b)  -> (artifact id: '31d4fe621638619e09eb0621bd97ffdf') in 0.014580 seconds 
  Import took 0.019149 seconds .

========================================================================
Received Import Request.
  Time since last request: 0.031753 seconds.
  path: Assets/ExampleAssets/Textures/Concrete/Ground_Albedo.tif
  artifactKey: Guid(87ce03bd447ccce48bbff87ac0d8355f) Importer(815301076,1909f56bfc062723c751e8b465ee728b)
Start importing Assets/ExampleAssets/Textures/Concrete/Ground_Albedo.tif using Guid(87ce03bd447ccce48bbff87ac0d8355f) Importer(815301076,1909f56bfc062723c751e8b465ee728b)  -> (artifact id: '73bfb7a6174b357112655c86d09db6df') in 0.019943 seconds 
  Import took 0.024764 seconds .

========================================================================
Received Import Request.
  Time since last request: 0.000224 seconds.
  path: Assets/ExampleAssets/Textures/Concrete/Ground_MetallicOcculusionSmoothness.tif
  artifactKey: Guid(a8d38587573a5f34c91c4ae0fbd8bfef) Importer(815301076,1909f56bfc062723c751e8b465ee728b)
Start importing Assets/ExampleAssets/Textures/Concrete/Ground_MetallicOcculusionSmoothness.tif using Guid(a8d38587573a5f34c91c4ae0fbd8bfef) Importer(815301076,1909f56bfc062723c751e8b465ee728b)  -> (artifact id: 'bc51270c519e5935af6db0be36641fb5') in 0.021988 seconds 
  Import took 0.027075 seconds .

========================================================================
Received Import Request.
  Time since last request: 0.000296 seconds.
  path: Assets/ExampleAssets/Textures/Concrete/Ground_Normal.tif
  artifactKey: Guid(fab85e0cacda9644a99e5182a86b71f5) Importer(815301076,1909f56bfc062723c751e8b465ee728b)
Start importing Assets/ExampleAssets/Textures/Concrete/Ground_Normal.tif using Guid(fab85e0cacda9644a99e5182a86b71f5) Importer(815301076,1909f56bfc062723c751e8b465ee728b)  -> (artifact id: 'a1ef3fe9dd8f15fef0e97258c6eea2c9') in 0.020242 seconds 
  Import took 0.025510 seconds .

========================================================================
Received Import Request.
  Time since last request: 0.507081 seconds.
  path: Assets/ExampleAssets/Textures/Props/Hammer/Hammer_Albedo.tif
  artifactKey: Guid(59c8de363dc14c54986d0751c2c38342) Importer(815301076,1909f56bfc062723c751e8b465ee728b)
Start importing Assets/ExampleAssets/Textures/Props/Hammer/Hammer_Albedo.tif using Guid(59c8de363dc14c54986d0751c2c38342) Importer(815301076,1909f56bfc062723c751e8b465ee728b)  -> (artifact id: '2da4b0f2f21710835eef7f7240f26bf1') in 0.025669 seconds 
  Import took 0.030430 seconds .

========================================================================
Received Import Request.
  Time since last request: 0.000261 seconds.
  path: Assets/ExampleAssets/Textures/Props/Hammer/Hammer_MetallicOcculusionSmoothness.tif
  artifactKey: Guid(6c509e4ae024b5e4faeefb92dab5c812) Importer(815301076,1909f56bfc062723c751e8b465ee728b)
Start importing Assets/ExampleAssets/Textures/Props/Hammer/Hammer_MetallicOcculusionSmoothness.tif using Guid(6c509e4ae024b5e4faeefb92dab5c812) Importer(815301076,1909f56bfc062723c751e8b465ee728b)  -> (artifact id: '210556383d1ff6d35e8d39672c72c918') in 0.020015 seconds 
  Import took 0.024194 seconds .

========================================================================
Received Import Request.
  Time since last request: 0.000221 seconds.
  path: Assets/ExampleAssets/Textures/Props/Hammer/Hammer_Normal.tif
  artifactKey: Guid(c517a9b1527aec343806327b47ad22df) Importer(815301076,1909f56bfc062723c751e8b465ee728b)
Start importing Assets/ExampleAssets/Textures/Props/Hammer/Hammer_Normal.tif using Guid(c517a9b1527aec343806327b47ad22df) Importer(815301076,1909f56bfc062723c751e8b465ee728b)  -> (artifact id: '4ce92c3370c6546fe241d9cdbf89988d') in 0.019386 seconds 
  Import took 0.024490 seconds .

========================================================================
Received Import Request.
  Time since last request: 0.000183 seconds.
  path: Assets/ExampleAssets/Textures/Props/Jigsaw/Jigsaw_MetallicOcculusionSmoothness.tif
  artifactKey: Guid(3017ed6fed9d3bb49ba99bf738e2d626) Importer(815301076,1909f56bfc062723c751e8b465ee728b)
Start importing Assets/ExampleAssets/Textures/Props/Jigsaw/Jigsaw_MetallicOcculusionSmoothness.tif using Guid(3017ed6fed9d3bb49ba99bf738e2d626) Importer(815301076,1909f56bfc062723c751e8b465ee728b)  -> (artifact id: '71c77bdf2c30ee2d58638bc467274543') in 0.030285 seconds 
  Import took 0.035664 seconds .

========================================================================
Received Import Request.
  Time since last request: 0.000280 seconds.
  path: Assets/ExampleAssets/Textures/Props/Jigsaw/Jigsaw_Albedo.tif
  artifactKey: Guid(b3f247b26e080ca468f1daa963c192ee) Importer(815301076,1909f56bfc062723c751e8b465ee728b)
Start importing Assets/ExampleAssets/Textures/Props/Jigsaw/Jigsaw_Albedo.tif using Guid(b3f247b26e080ca468f1daa963c192ee) Importer(815301076,1909f56bfc062723c751e8b465ee728b)  -> (artifact id: 'c4eb1dd932f9233e47c7c401b8affc2e') in 0.019190 seconds 
  Import took 0.025459 seconds .

========================================================================
Received Import Request.
  Time since last request: 0.000314 seconds.
  path: Assets/Dreamteck/Splines/Components/Icons/LengthCalculator.png
  artifactKey: Guid(b4b069b14ffccf146b40c7aae7c4818f) Importer(815301076,1909f56bfc062723c751e8b465ee728b)
Start importing Assets/Dreamteck/Splines/Components/Icons/LengthCalculator.png using Guid(b4b069b14ffccf146b40c7aae7c4818f) Importer(815301076,1909f56bfc062723c751e8b465ee728b)  -> (artifact id: '21d5229af56248dd8bd745560f24f69c') in 0.015428 seconds 
  Import took 0.020627 seconds .

========================================================================
Received Import Request.
  Time since last request: 0.000303 seconds.
  path: Assets/ExampleAssets/Textures/Props/Jigsaw/Jigsaw_Normal.tif
  artifactKey: Guid(06969fc081d8cc146af6634f75abe652) Importer(815301076,1909f56bfc062723c751e8b465ee728b)
Start importing Assets/ExampleAssets/Textures/Props/Jigsaw/Jigsaw_Normal.tif using Guid(06969fc081d8cc146af6634f75abe652) Importer(815301076,1909f56bfc062723c751e8b465ee728b)  -> (artifact id: 'b7848269d32ef6f47c48d13ba4b1147e') in 0.022193 seconds 
  Import took 0.026672 seconds .

========================================================================
Received Import Request.
  Time since last request: 0.000199 seconds.
  path: Assets/Dreamteck/Splines/Examples/Projection/Scene/Lightmap-0_comp_dir.png
  artifactKey: Guid(8aae302c862fc294fa6af2b220f7bb36) Importer(815301076,1909f56bfc062723c751e8b465ee728b)
Start importing Assets/Dreamteck/Splines/Examples/Projection/Scene/Lightmap-0_comp_dir.png using Guid(8aae302c862fc294fa6af2b220f7bb36) Importer(815301076,1909f56bfc062723c751e8b465ee728b)  -> (artifact id: 'dc9e73734c5dd0d2f13d93dfe6cb22e5') in 0.010996 seconds 
  Import took 0.016421 seconds .

========================================================================
Received Import Request.
  Time since last request: 0.000265 seconds.
  path: Assets/TutorialInfo/Icons/Help_Icon.png
  artifactKey: Guid(34f556d724b1bbf4097ca6220db2c581) Importer(815301076,1909f56bfc062723c751e8b465ee728b)
Start importing Assets/TutorialInfo/Icons/Help_Icon.png using Guid(34f556d724b1bbf4097ca6220db2c581) Importer(815301076,1909f56bfc062723c751e8b465ee728b)  -> (artifact id: 'c020ffe7fe7c1ddb888d0890f30014c2') in 0.015723 seconds 
  Import took 0.020624 seconds .

========================================================================
Received Import Request.
  Time since last request: 0.006650 seconds.
  path: Assets/Dreamteck/Splines/Examples/Projection/Scene/Lightmap-0_comp_dir.png
  artifactKey: Guid(8aae302c862fc294fa6af2b220f7bb36) Importer(815301076,1909f56bfc062723c751e8b465ee728b)
Start importing Assets/Dreamteck/Splines/Examples/Projection/Scene/Lightmap-0_comp_dir.png using Guid(8aae302c862fc294fa6af2b220f7bb36) Importer(815301076,1909f56bfc062723c751e8b465ee728b)  -> (artifact id: 'dc9e73734c5dd0d2f13d93dfe6cb22e5') in 0.006567 seconds 
  Import took 0.011670 seconds .

========================================================================
Received Import Request.
  Time since last request: 0.965851 seconds.
  path: Assets/Dreamteck/Splines/Examples/Projection/Scene/Lightmap-0_comp_light.exr
  artifactKey: Guid(762eddfd12cf7854181c0cbca8efb686) Importer(815301076,1909f56bfc062723c751e8b465ee728b)
Start importing Assets/Dreamteck/Splines/Examples/Projection/Scene/Lightmap-0_comp_light.exr using Guid(762eddfd12cf7854181c0cbca8efb686) Importer(815301076,1909f56bfc062723c751e8b465ee728b)  -> (artifact id: '00521fe8940d7084c43d2f996a03d9c1') in 0.016672 seconds 
  Import took 0.021129 seconds .

========================================================================
Received Import Request.
  Time since last request: 0.000308 seconds.
  path: Assets/Dreamteck/Splines/Examples/Projection/Materials/Marble.jpg
  artifactKey: Guid(ff5a599386747ef428a458324b31138b) Importer(815301076,1909f56bfc062723c751e8b465ee728b)
Start importing Assets/Dreamteck/Splines/Examples/Projection/Materials/Marble.jpg using Guid(ff5a599386747ef428a458324b31138b) Importer(815301076,1909f56bfc062723c751e8b465ee728b)  -> (artifact id: 'e0da2850d3e12a416f6c9e86f7066cd1') in 0.060344 seconds 
  Import took 0.064491 seconds .

========================================================================
Received Import Request.
  Time since last request: 0.000268 seconds.
  path: Assets/Dreamteck/Splines/Editor/Icons/merge_dark.png
  artifactKey: Guid(77974715df2046f4992d743bb4270675) Importer(815301076,1909f56bfc062723c751e8b465ee728b)
Start importing Assets/Dreamteck/Splines/Editor/Icons/merge_dark.png using Guid(77974715df2046f4992d743bb4270675) Importer(815301076,1909f56bfc062723c751e8b465ee728b)  -> (artifact id: 'a689ff76cda94849eb0f4b838773769d') in 0.012433 seconds 
  Import took 0.018603 seconds .

========================================================================
Received Import Request.
  Time since last request: 0.000243 seconds.
  path: Assets/Dreamteck/Splines/Editor/Icons/merge.png
  artifactKey: Guid(398d7dd5aa8459b419055e5c0b70d6c4) Importer(815301076,1909f56bfc062723c751e8b465ee728b)
Start importing Assets/Dreamteck/Splines/Editor/Icons/merge.png using Guid(398d7dd5aa8459b419055e5c0b70d6c4) Importer(815301076,1909f56bfc062723c751e8b465ee728b)  -> (artifact id: '8bcbefaecaf6fd07838ab2b73e0e245d') in 0.014185 seconds 
  Import took 0.018940 seconds .

========================================================================
Received Import Request.
  Time since last request: 0.000315 seconds.
  path: Assets/Dreamteck/Splines/Editor/Icons/merge_on.png
  artifactKey: Guid(d82300e7e8792094fb8826337e6b6e9c) Importer(815301076,1909f56bfc062723c751e8b465ee728b)
Start importing Assets/Dreamteck/Splines/Editor/Icons/merge_on.png using Guid(d82300e7e8792094fb8826337e6b6e9c) Importer(815301076,1909f56bfc062723c751e8b465ee728b)  -> (artifact id: 'c71f459fdad73624771d9e0e07801c27') in 0.014920 seconds 
  Import took 0.019897 seconds .

========================================================================
Received Import Request.
  Time since last request: 0.000220 seconds.
  path: Assets/ExampleAssets/Textures/Metal/Metal_MetallicSmoothness.tif
  artifactKey: Guid(40da0395b61db4448b98bab66d6b549c) Importer(815301076,1909f56bfc062723c751e8b465ee728b)
Start importing Assets/ExampleAssets/Textures/Metal/Metal_MetallicSmoothness.tif using Guid(40da0395b61db4448b98bab66d6b549c) Importer(815301076,1909f56bfc062723c751e8b465ee728b)  -> (artifact id: 'ef2c3a6fd126ee823348d34d437adaa8') in 0.017615 seconds 
  Import took 0.022380 seconds .

========================================================================
Received Import Request.
  Time since last request: 0.000246 seconds.
  path: Assets/ExampleAssets/Textures/Metal/Metal_Albedo.tif
  artifactKey: Guid(77583f99dea53b641804bb357092ec83) Importer(815301076,1909f56bfc062723c751e8b465ee728b)
Start importing Assets/ExampleAssets/Textures/Metal/Metal_Albedo.tif using Guid(77583f99dea53b641804bb357092ec83) Importer(815301076,1909f56bfc062723c751e8b465ee728b)  -> (artifact id: '246de0e06ebb7d62dc733103a37e0919') in 0.016477 seconds 
  Import took 0.021106 seconds .

========================================================================
Received Import Request.
  Time since last request: 0.000197 seconds.
  path: Assets/Dreamteck/Splines/Editor/Icons/merge_on_dark.png
  artifactKey: Guid(5b45a94533ad4bf4d9ed738cab95e5f4) Importer(815301076,1909f56bfc062723c751e8b465ee728b)
Start importing Assets/Dreamteck/Splines/Editor/Icons/merge_on_dark.png using Guid(5b45a94533ad4bf4d9ed738cab95e5f4) Importer(815301076,1909f56bfc062723c751e8b465ee728b)  -> (artifact id: 'bd8b1bf6347cb098df28cd4b5e174a16') in 0.009715 seconds 
  Import took 0.014108 seconds .

========================================================================
Received Import Request.
  Time since last request: 0.000190 seconds.
  path: Assets/Dreamteck/Utilities/Editor/Images/manual.png
  artifactKey: Guid(7004b4ab0ebf5ea43bd227e21913ba75) Importer(815301076,1909f56bfc062723c751e8b465ee728b)
Start importing Assets/Dreamteck/Utilities/Editor/Images/manual.png using Guid(7004b4ab0ebf5ea43bd227e21913ba75) Importer(815301076,1909f56bfc062723c751e8b465ee728b)  -> (artifact id: 'fd54c60024e028642b5cb9e0593daf36') in 0.013129 seconds 
  Import took 0.017756 seconds .

========================================================================
Received Import Request.
  Time since last request: 0.562926 seconds.
  path: Assets/ExampleAssets/Textures/Metal/Metal_Normal.tif
  artifactKey: Guid(3b0b7c1f4ac9f6b499e27cf84e722ff4) Importer(815301076,1909f56bfc062723c751e8b465ee728b)
Start importing Assets/ExampleAssets/Textures/Metal/Metal_Normal.tif using Guid(3b0b7c1f4ac9f6b499e27cf84e722ff4) Importer(815301076,1909f56bfc062723c751e8b465ee728b)  -> (artifact id: '52dbdc54c81af9a4523d13c672953a0a') in 0.017238 seconds 
  Import took 0.021990 seconds .

========================================================================
Received Import Request.
  Time since last request: 0.000396 seconds.
  path: Assets/Dreamteck/Splines/Editor/Icons/mirror.png
  artifactKey: Guid(8197b9198a564c84c8d4cce2a508c0db) Importer(815301076,1909f56bfc062723c751e8b465ee728b)
Start importing Assets/Dreamteck/Splines/Editor/Icons/mirror.png using Guid(8197b9198a564c84c8d4cce2a508c0db) Importer(815301076,1909f56bfc062723c751e8b465ee728b)  -> (artifact id: 'aa9d37074d745c05429da794f96dc168') in 0.015290 seconds 
  Import took 0.021295 seconds .

========================================================================
Received Import Request.
  Time since last request: 0.000242 seconds.
  path: Assets/Dreamteck/Splines/Examples/Junctions/Textures/MetallicSmoothness.png
  artifactKey: Guid(8810bdf610e0d654480d18caaf8ea02b) Importer(815301076,1909f56bfc062723c751e8b465ee728b)
Start importing Assets/Dreamteck/Splines/Examples/Junctions/Textures/MetallicSmoothness.png using Guid(8810bdf610e0d654480d18caaf8ea02b) Importer(815301076,1909f56bfc062723c751e8b465ee728b)  -> (artifact id: 'f5a08cb8d4de777a0f16ac8682527669') in 0.095744 seconds 
  Import took 0.100410 seconds .

========================================================================
Received Import Request.
  Time since last request: 0.000210 seconds.
  path: Assets/Dreamteck/Splines/Editor/Icons/normal_dark.png
  artifactKey: Guid(63ac7cde5dce9724da6bafdbb03c08ad) Importer(815301076,1909f56bfc062723c751e8b465ee728b)
Start importing Assets/Dreamteck/Splines/Editor/Icons/normal_dark.png using Guid(63ac7cde5dce9724da6bafdbb03c08ad) Importer(815301076,1909f56bfc062723c751e8b465ee728b)  -> (artifact id: '92b92081af5ca24719bba655e8b6ce61') in 0.010793 seconds 
  Import took 0.015307 seconds .

========================================================================
Received Import Request.
  Time since last request: 0.000197 seconds.
  path: Assets/Dreamteck/Splines/Editor/Icons/normal.png
  artifactKey: Guid(99d6f760b0b77774c8e2729dca0a4ac7) Importer(815301076,1909f56bfc062723c751e8b465ee728b)
Start importing Assets/Dreamteck/Splines/Editor/Icons/normal.png using Guid(99d6f760b0b77774c8e2729dca0a4ac7) Importer(815301076,1909f56bfc062723c751e8b465ee728b)  -> (artifact id: 'b553f2f7ecd9f767f187251d744937b1') in 0.021447 seconds 
  Import took 0.027590 seconds .

========================================================================
Received Import Request.
  Time since last request: 0.000195 seconds.
  path: Assets/Dreamteck/Splines/Editor/Icons/normal_on.png
  artifactKey: Guid(55e9a5818ff4c0f4fabcbfa0e7cb4bcd) Importer(815301076,1909f56bfc062723c751e8b465ee728b)
Start importing Assets/Dreamteck/Splines/Editor/Icons/normal_on.png using Guid(55e9a5818ff4c0f4fabcbfa0e7cb4bcd) Importer(815301076,1909f56bfc062723c751e8b465ee728b)  -> (artifact id: '0e479cd4466885702df72f0d71a922ef') in 0.023118 seconds 
  Import took 0.027572 seconds .

========================================================================
Received Import Request.
  Time since last request: 0.000282 seconds.
  path: Assets/ExampleAssets/Textures/Metal/Metal_Normal.tif
  artifactKey: Guid(3b0b7c1f4ac9f6b499e27cf84e722ff4) Importer(815301076,1909f56bfc062723c751e8b465ee728b)
Start importing Assets/ExampleAssets/Textures/Metal/Metal_Normal.tif using Guid(3b0b7c1f4ac9f6b499e27cf84e722ff4) Importer(815301076,1909f56bfc062723c751e8b465ee728b)  -> (artifact id: '52dbdc54c81af9a4523d13c672953a0a') in 0.018774 seconds 
  Import took 0.023337 seconds .

========================================================================
Received Import Request.
  Time since last request: 0.000246 seconds.
  path: Assets/Dreamteck/Splines/Components/Icons/NodeIcon.png
  artifactKey: Guid(09a5be8542799294ab31f6b97c88471b) Importer(815301076,1909f56bfc062723c751e8b465ee728b)
Start importing Assets/Dreamteck/Splines/Components/Icons/NodeIcon.png using Guid(09a5be8542799294ab31f6b97c88471b) Importer(815301076,1909f56bfc062723c751e8b465ee728b)  -> (artifact id: '31de9c783028c9226fa6361c08662468') in 0.013962 seconds 
  Import took 0.018442 seconds .

========================================================================
Received Import Request.
  Time since last request: 0.000275 seconds.
  path: Assets/Dreamteck/Splines/Editor/Icons/mirror_dark.png
  artifactKey: Guid(cab37296a2dd70540b58ed03bd10881a) Importer(815301076,1909f56bfc062723c751e8b465ee728b)
Start importing Assets/Dreamteck/Splines/Editor/Icons/mirror_dark.png using Guid(cab37296a2dd70540b58ed03bd10881a) Importer(815301076,1909f56bfc062723c751e8b465ee728b)  -> (artifact id: '3f19dac6ef062145a51d58ab90d16e30') in 0.013346 seconds 
  Import took 0.018315 seconds .

========================================================================
Received Import Request.
  Time since last request: 0.000319 seconds.
  path: Assets/Dreamteck/Splines/Editor/Icons/mirror_on_dark.png
  artifactKey: Guid(43cd1dbd630ef2d4ebd337ac2ab51a2b) Importer(815301076,1909f56bfc062723c751e8b465ee728b)
Start importing Assets/Dreamteck/Splines/Editor/Icons/mirror_on_dark.png using Guid(43cd1dbd630ef2d4ebd337ac2ab51a2b) Importer(815301076,1909f56bfc062723c751e8b465ee728b)  -> (artifact id: 'de11bfa33c4d36c1ef684ab291625455') in 0.009226 seconds 
  Import took 0.013826 seconds .

========================================================================
Received Import Request.
  Time since last request: 0.000214 seconds.
  path: Assets/Dreamteck/Splines/Components/Icons/ObjectBender.png
  artifactKey: Guid(71feaa5f5395f3640a94b1ba649bc941) Importer(815301076,1909f56bfc062723c751e8b465ee728b)
Start importing Assets/Dreamteck/Splines/Components/Icons/ObjectBender.png using Guid(71feaa5f5395f3640a94b1ba649bc941) Importer(815301076,1909f56bfc062723c751e8b465ee728b)  -> (artifact id: '38ab6b0e2be9e699e6aa9732ee287a92') in 0.015235 seconds 
  Import took 0.020333 seconds .

========================================================================
Received Import Request.
  Time since last request: 0.000212 seconds.
  path: Assets/Dreamteck/Splines/Editor/Icons/mirror_on.png
  artifactKey: Guid(d62abb75b50f1c641b791978603be177) Importer(815301076,1909f56bfc062723c751e8b465ee728b)
Start importing Assets/Dreamteck/Splines/Editor/Icons/mirror_on.png using Guid(d62abb75b50f1c641b791978603be177) Importer(815301076,1909f56bfc062723c751e8b465ee728b)  -> (artifact id: 'e8bd78974b57519d979f8bd9d905ef19') in 0.018333 seconds 
  Import took 0.023389 seconds .

========================================================================
Received Import Request.
  Time since last request: 0.000336 seconds.
  path: Assets/Dreamteck/Splines/Editor/Icons/normal_on_dark.png
  artifactKey: Guid(67f300b13f4475b4e8b15d4f09ab989e) Importer(815301076,1909f56bfc062723c751e8b465ee728b)
Start importing Assets/Dreamteck/Splines/Editor/Icons/normal_on_dark.png using Guid(67f300b13f4475b4e8b15d4f09ab989e) Importer(815301076,1909f56bfc062723c751e8b465ee728b)  -> (artifact id: '45b39e14e0186725714e9972b7d1a837') in 0.009287 seconds 
  Import took 0.014082 seconds .

========================================================================
Received Import Request.
  Time since last request: 63.457466 seconds.
  path: Assets/Dreamteck/Splines/Examples/Junctions/Scene.unity
  artifactKey: Guid(dfd4d23a0f6b8db438a0badec539b589) Importer(815301076,1909f56bfc062723c751e8b465ee728b)
Start importing Assets/Dreamteck/Splines/Examples/Junctions/Scene.unity using Guid(dfd4d23a0f6b8db438a0badec539b589) Importer(815301076,1909f56bfc062723c751e8b465ee728b)  -> (artifact id: 'fb494ab753f2af839208e3f100990655') in 0.002506 seconds 
  Import took 0.007379 seconds .

========================================================================
Received Import Request.
  Time since last request: 0.002899 seconds.
  path: Assets/Dreamteck/Splines/Examples/Junctions/Scene.unity
  artifactKey: Guid(dfd4d23a0f6b8db438a0badec539b589) Importer(815301076,1909f56bfc062723c751e8b465ee728b)
Start importing Assets/Dreamteck/Splines/Examples/Junctions/Scene.unity using Guid(dfd4d23a0f6b8db438a0badec539b589) Importer(815301076,1909f56bfc062723c751e8b465ee728b)  -> (artifact id: 'fb494ab753f2af839208e3f100990655') in 0.002239 seconds 
  Import took 0.006895 seconds .

========================================================================
Received Import Request.
  Time since last request: 4.455613 seconds.
  path: Assets/Dreamteck/Splines/Examples/Junctions/Materials
  artifactKey: Guid(9c596a9df506a6d4da91d62ef1cbb196) Importer(815301076,1909f56bfc062723c751e8b465ee728b)
Start importing Assets/Dreamteck/Splines/Examples/Junctions/Materials using Guid(9c596a9df506a6d4da91d62ef1cbb196) Importer(815301076,1909f56bfc062723c751e8b465ee728b)  -> (artifact id: '8d65a284ee854d030e7bd6cebd383d6d') in 0.005712 seconds 
  Import took 0.010416 seconds .

========================================================================
Received Import Request.
  Time since last request: 0.833865 seconds.
  path: Assets/Dreamteck/Splines/Examples/Junctions/Materials/Grid.mat
  artifactKey: Guid(fb4b2318e00356e488a33e23b3149d52) Importer(815301076,1909f56bfc062723c751e8b465ee728b)
Start importing Assets/Dreamteck/Splines/Examples/Junctions/Materials/Grid.mat using Guid(fb4b2318e00356e488a33e23b3149d52) Importer(815301076,1909f56bfc062723c751e8b465ee728b)  -> (artifact id: 'b52e5ba448c1ca3ed13b88d14967f5ed') in 0.028191 seconds 
  Import took 0.032796 seconds .

========================================================================
Received Import Request.
  Time since last request: 0.000200 seconds.
  path: Assets/Dreamteck/Splines/Examples/Junctions/Materials/Train.mat
  artifactKey: Guid(a31c9f4bf89507a4e87a81fa3d1badea) Importer(815301076,1909f56bfc062723c751e8b465ee728b)
Start importing Assets/Dreamteck/Splines/Examples/Junctions/Materials/Train.mat using Guid(a31c9f4bf89507a4e87a81fa3d1badea) Importer(815301076,1909f56bfc062723c751e8b465ee728b)  -> (artifact id: '3094bae6242d957859cad91497d2dbba') in 0.247753 seconds 
  Import took 0.252242 seconds .

========================================================================
Received Import Request.
  Time since last request: 28.534193 seconds.
  path: Assets/Dreamteck/Splines/Examples/Junctions/Scene/LightingData.asset
  artifactKey: Guid(a0ff9f6319de4d141abf232fd5941a04) Importer(815301076,1909f56bfc062723c751e8b465ee728b)
Start importing Assets/Dreamteck/Splines/Examples/Junctions/Scene/LightingData.asset using Guid(a0ff9f6319de4d141abf232fd5941a04) Importer(815301076,1909f56bfc062723c751e8b465ee728b)  -> (artifact id: 'dc79eb103b16e432da87a06ae498c216') in 0.007947 seconds 
  Import took 0.012325 seconds .

========================================================================
Received Import Request.
  Time since last request: 0.000225 seconds.
  path: Assets/Dreamteck/Splines/Examples/Junctions/Scene/ReflectionProbe-0.exr
  artifactKey: Guid(d14829779b8e72146be3413a788d14a1) Importer(815301076,1909f56bfc062723c751e8b465ee728b)
Start importing Assets/Dreamteck/Splines/Examples/Junctions/Scene/ReflectionProbe-0.exr using Guid(d14829779b8e72146be3413a788d14a1) Importer(815301076,1909f56bfc062723c751e8b465ee728b)  -> (artifact id: '4a5d173bb78f0aad3a7dc0102508545d') in 0.045415 seconds 
  Import took 0.049345 seconds .

========================================================================
Received Import Request.
  Time since last request: 90.085222 seconds.
  path: Assets/Dreamteck/Splines/Examples/LengthEvents/LengthEvents.unity
  artifactKey: Guid(959112f23950bc646a43f61743a01a6c) Importer(815301076,1909f56bfc062723c751e8b465ee728b)
Start importing Assets/Dreamteck/Splines/Examples/LengthEvents/LengthEvents.unity using Guid(959112f23950bc646a43f61743a01a6c) Importer(815301076,1909f56bfc062723c751e8b465ee728b)  -> (artifact id: '37b72a8fb9391a4d5de74b1a79daad64') in 0.006492 seconds 
  Import took 0.012260 seconds .

========================================================================
Received Import Request.
  Time since last request: 52.553243 seconds.
  path: Assets/Dreamteck/Splines/Examples/Projection/Materials/Marble.mat
  artifactKey: Guid(4e17d0dc509bc124da84af0542ff3b6c) Importer(815301076,1909f56bfc062723c751e8b465ee728b)
Start importing Assets/Dreamteck/Splines/Examples/Projection/Materials/Marble.mat using Guid(4e17d0dc509bc124da84af0542ff3b6c) Importer(815301076,1909f56bfc062723c751e8b465ee728b)  -> (artifact id: 'bab2d3e9e9e0f1f7a161739509526c11') in 0.063428 seconds 
  Import took 0.069361 seconds .

========================================================================
Received Import Request.
  Time since last request: 2.521038 seconds.
  path: Assets/Dreamteck/Splines/Examples/Projection/Materials/Dash.mat
  artifactKey: Guid(6393b89f619d12444863127cb04b543e) Importer(815301076,1909f56bfc062723c751e8b465ee728b)
Start importing Assets/Dreamteck/Splines/Examples/Projection/Materials/Dash.mat using Guid(6393b89f619d12444863127cb04b543e) Importer(815301076,1909f56bfc062723c751e8b465ee728b)  -> (artifact id: 'eb05678e8e9bbfa7bd4c345e5b6c791e') in 0.017272 seconds 
  Import took 0.023191 seconds .

========================================================================
Received Import Request.
  Time since last request: 0.001680 seconds.
  path: Assets/Dreamteck/Splines/Examples/Projection/Materials/Dash.mat
  artifactKey: Guid(6393b89f619d12444863127cb04b543e) Importer(815301076,1909f56bfc062723c751e8b465ee728b)
Start importing Assets/Dreamteck/Splines/Examples/Projection/Materials/Dash.mat using Guid(6393b89f619d12444863127cb04b543e) Importer(815301076,1909f56bfc062723c751e8b465ee728b)  -> (artifact id: 'eb05678e8e9bbfa7bd4c345e5b6c791e') in 0.012690 seconds 
  Import took 0.020988 seconds .

========================================================================
Received Import Request.
  Time since last request: 16.009215 seconds.
  path: Assets/Dreamteck/Splines/Components/Icons/ObjectController.png
  artifactKey: Guid(809d29b9ca1b74947aca02225d2ec233) Importer(815301076,1909f56bfc062723c751e8b465ee728b)
Start importing Assets/Dreamteck/Splines/Components/Icons/ObjectController.png using Guid(809d29b9ca1b74947aca02225d2ec233) Importer(815301076,1909f56bfc062723c751e8b465ee728b)  -> (artifact id: 'dfb8e8058c4dc7850e052b1f5f6300f4') in 0.013222 seconds 
  Import took 0.019941 seconds .

========================================================================
Received Import Request.
  Time since last request: 0.000408 seconds.
  path: Assets/Dreamteck/Splines/Components/Icons/ObjectControllerCustomRule.png
  artifactKey: Guid(956119420e783ba4e8c22ab8c32ed5e8) Importer(815301076,1909f56bfc062723c751e8b465ee728b)
Start importing Assets/Dreamteck/Splines/Components/Icons/ObjectControllerCustomRule.png using Guid(956119420e783ba4e8c22ab8c32ed5e8) Importer(815301076,1909f56bfc062723c751e8b465ee728b)  -> (artifact id: '9b2aa114b5dcbeb7025ac5a84e444bbf') in 0.015750 seconds 
  Import took 0.020792 seconds .

========================================================================
Received Import Request.
  Time since last request: 0.000242 seconds.
  path: Assets/ExampleAssets/Textures/Wood/OBS_Albedo.tif
  artifactKey: Guid(7140a9bc83a12ea49a081dda89216fff) Importer(815301076,1909f56bfc062723c751e8b465ee728b)
Start importing Assets/ExampleAssets/Textures/Wood/OBS_Albedo.tif using Guid(7140a9bc83a12ea49a081dda89216fff) Importer(815301076,1909f56bfc062723c751e8b465ee728b)  -> (artifact id: '71b82d7d1df37a86aa44201c46fc8dd2') in 0.025089 seconds 
  Import took 0.034959 seconds .

========================================================================
Received Import Request.
  Time since last request: 0.025904 seconds.
  path: Assets/ExampleAssets/Textures/Wood/OBS_MetallicOcculusionSmoothness.tif
  artifactKey: Guid(22638a9216f1ebf4cb43273a00879f51) Importer(815301076,1909f56bfc062723c751e8b465ee728b)
Start importing Assets/ExampleAssets/Textures/Wood/OBS_MetallicOcculusionSmoothness.tif using Guid(22638a9216f1ebf4cb43273a00879f51) Importer(815301076,1909f56bfc062723c751e8b465ee728b)  -> (artifact id: '9f6b7da02a957c0be5a8e7dbb5857167') in 0.017627 seconds 
  Import took 0.022538 seconds .

========================================================================
Received Import Request.
  Time since last request: 0.000180 seconds.
  path: Assets/ExampleAssets/Textures/Wood/OBS_Normal.tif
  artifactKey: Guid(fcce267dfc966b6408dc2ebe0cfb60ed) Importer(815301076,1909f56bfc062723c751e8b465ee728b)
Start importing Assets/ExampleAssets/Textures/Wood/OBS_Normal.tif using Guid(fcce267dfc966b6408dc2ebe0cfb60ed) Importer(815301076,1909f56bfc062723c751e8b465ee728b)  -> (artifact id: '8cc98c5d5d56a4968b2acc8b17acf4aa') in 0.016870 seconds 
  Import took 0.021552 seconds .

========================================================================
Received Import Request.
  Time since last request: 0.000474 seconds.
  path: Assets/ExampleAssets/Textures/Wood/OBS_MetallicOcculusionSmoothness.tif
  artifactKey: Guid(22638a9216f1ebf4cb43273a00879f51) Importer(815301076,1909f56bfc062723c751e8b465ee728b)
Start importing Assets/ExampleAssets/Textures/Wood/OBS_MetallicOcculusionSmoothness.tif using Guid(22638a9216f1ebf4cb43273a00879f51) Importer(815301076,1909f56bfc062723c751e8b465ee728b)  -> (artifact id: '9f6b7da02a957c0be5a8e7dbb5857167') in 0.012306 seconds 
  Import took 0.016735 seconds .

========================================================================
Received Import Request.
  Time since last request: 0.000198 seconds.
  path: Assets/ExampleAssets/Textures/Wood/OBS_Normal.tif
  artifactKey: Guid(fcce267dfc966b6408dc2ebe0cfb60ed) Importer(815301076,1909f56bfc062723c751e8b465ee728b)
Start importing Assets/ExampleAssets/Textures/Wood/OBS_Normal.tif using Guid(fcce267dfc966b6408dc2ebe0cfb60ed) Importer(815301076,1909f56bfc062723c751e8b465ee728b)  -> (artifact id: '8cc98c5d5d56a4968b2acc8b17acf4aa') in 0.009818 seconds 
  Import took 0.014131 seconds .

========================================================================
Received Import Request.
  Time since last request: 0.000195 seconds.
  path: Assets/ExampleAssets/Textures/Props/Paint/Paint5G_AlbedoSmoothness.tif
  artifactKey: Guid(5d25a5cd577a4c54e94fdf9cc6f1a631) Importer(815301076,1909f56bfc062723c751e8b465ee728b)
Start importing Assets/ExampleAssets/Textures/Props/Paint/Paint5G_AlbedoSmoothness.tif using Guid(5d25a5cd577a4c54e94fdf9cc6f1a631) Importer(815301076,1909f56bfc062723c751e8b465ee728b)  -> (artifact id: 'c83b3da3d1b07d46cfa498d9a4fa5283') in 0.029756 seconds 
  Import took 0.034782 seconds .

========================================================================
Received Import Request.
  Time since last request: 0.000226 seconds.
  path: Assets/ExampleAssets/Textures/Props/Paint/Paint1G_Normal.tif
  artifactKey: Guid(ac80c335ebd6dde4fa54a82050064545) Importer(815301076,1909f56bfc062723c751e8b465ee728b)
Start importing Assets/ExampleAssets/Textures/Props/Paint/Paint1G_Normal.tif using Guid(ac80c335ebd6dde4fa54a82050064545) Importer(815301076,1909f56bfc062723c751e8b465ee728b)  -> (artifact id: '912f5faf02e51b28ff770480f3ee357f') in 0.020297 seconds 
  Import took 0.025452 seconds .

========================================================================
Received Import Request.
  Time since last request: 0.000231 seconds.
  path: Assets/ExampleAssets/Textures/Props/Paint/Paint1G_Albedo.tif
  artifactKey: Guid(2de0d72a6700bd94ea57111b29e246fc) Importer(815301076,1909f56bfc062723c751e8b465ee728b)
Start importing Assets/ExampleAssets/Textures/Props/Paint/Paint1G_Albedo.tif using Guid(2de0d72a6700bd94ea57111b29e246fc) Importer(815301076,1909f56bfc062723c751e8b465ee728b)  -> (artifact id: 'ff666bbead39aff09ec45d23a7d7fb55') in 0.020493 seconds 
  Import took 0.024965 seconds .

========================================================================
Received Import Request.
  Time since last request: 0.000398 seconds.
  path: Assets/ExampleAssets/Textures/Props/Paint/Paint1G_MetallicOcculusionRoughness.tif
  artifactKey: Guid(ca084ebab0cef7c4ba746cdb442f9c1e) Importer(815301076,1909f56bfc062723c751e8b465ee728b)
Start importing Assets/ExampleAssets/Textures/Props/Paint/Paint1G_MetallicOcculusionRoughness.tif using Guid(ca084ebab0cef7c4ba746cdb442f9c1e) Importer(815301076,1909f56bfc062723c751e8b465ee728b)  -> (artifact id: 'de470a80972a5622dd605adc3549bb0f') in 0.026728 seconds 
  Import took 0.032128 seconds .

========================================================================
Received Import Request.
  Time since last request: 0.355732 seconds.
  path: Assets/ExampleAssets/Textures/Props/Paint/PaintAnimMask.tif
  artifactKey: Guid(5e98de278b2ccc14f89b76b85596a3f3) Importer(815301076,1909f56bfc062723c751e8b465ee728b)
Start importing Assets/ExampleAssets/Textures/Props/Paint/PaintAnimMask.tif using Guid(5e98de278b2ccc14f89b76b85596a3f3) Importer(815301076,1909f56bfc062723c751e8b465ee728b)  -> (artifact id: '3280307878047add731ae618b078e120') in 0.018459 seconds 
  Import took 0.023162 seconds .

========================================================================
Received Import Request.
  Time since last request: 0.000198 seconds.
  path: Assets/ExampleAssets/Textures/Props/Paint/Paintbrush_MetallicOcculusionSmoothness.tif
  artifactKey: Guid(888916a5e87c05948b1a97b3c0d42556) Importer(815301076,1909f56bfc062723c751e8b465ee728b)
Start importing Assets/ExampleAssets/Textures/Props/Paint/Paintbrush_MetallicOcculusionSmoothness.tif using Guid(888916a5e87c05948b1a97b3c0d42556) Importer(815301076,1909f56bfc062723c751e8b465ee728b)  -> (artifact id: 'f06ceb0230e4d16ef4c61e727ff504a1') in 0.020297 seconds 
  Import took 0.025626 seconds .

========================================================================
Received Import Request.
  Time since last request: 0.000292 seconds.
  path: Assets/ExampleAssets/Textures/Props/Paint/Paintbrush_Albedo.tif
  artifactKey: Guid(4675081b0baf66345adc734388155502) Importer(815301076,1909f56bfc062723c751e8b465ee728b)
Start importing Assets/ExampleAssets/Textures/Props/Paint/Paintbrush_Albedo.tif using Guid(4675081b0baf66345adc734388155502) Importer(815301076,1909f56bfc062723c751e8b465ee728b)  -> (artifact id: '1cb37c919e4dad9d0457a23db8885e23') in 0.020443 seconds 
  Import took 0.025648 seconds .

========================================================================
Received Import Request.
  Time since last request: 0.011297 seconds.
  path: Assets/ExampleAssets/Textures/Props/Paint/Paintbrush_Normal.tif
  artifactKey: Guid(09e745bf0b8ff6a4bb5785d14168289a) Importer(815301076,1909f56bfc062723c751e8b465ee728b)
Start importing Assets/ExampleAssets/Textures/Props/Paint/Paintbrush_Normal.tif using Guid(09e745bf0b8ff6a4bb5785d14168289a) Importer(815301076,1909f56bfc062723c751e8b465ee728b)  -> (artifact id: '5963b691d471aa4f0de645c73bd40332') in 0.017980 seconds 
  Import took 0.022568 seconds .

========================================================================
Received Import Request.
  Time since last request: 0.000177 seconds.
  path: Assets/ExampleAssets/Textures/Props/Paint/PaintLabel.tif
  artifactKey: Guid(e5c37ab0c7b37af4f981195d3caaf4b4) Importer(815301076,1909f56bfc062723c751e8b465ee728b)
Start importing Assets/ExampleAssets/Textures/Props/Paint/PaintLabel.tif using Guid(e5c37ab0c7b37af4f981195d3caaf4b4) Importer(815301076,1909f56bfc062723c751e8b465ee728b)  -> (artifact id: '1bf43e8d8e94cd3780f5cfb5defd650f') in 0.014728 seconds 
  Import took 0.019407 seconds .

========================================================================
Received Import Request.
  Time since last request: 0.000192 seconds.
  path: Assets/Dreamteck/Splines/Components/Icons/ParticleController.png
  artifactKey: Guid(c78150f2237d29247b0f01c770f06979) Importer(815301076,1909f56bfc062723c751e8b465ee728b)
Start importing Assets/Dreamteck/Splines/Components/Icons/ParticleController.png using Guid(c78150f2237d29247b0f01c770f06979) Importer(815301076,1909f56bfc062723c751e8b465ee728b)  -> (artifact id: '1c843e760b3fe232a4c9660f3b36a400') in 0.013968 seconds 
  Import took 0.019706 seconds .

========================================================================
Received Import Request.
  Time since last request: 0.008301 seconds.
  path: Assets/Dreamteck/Splines/Components/Icons/ParticleController.png
  artifactKey: Guid(c78150f2237d29247b0f01c770f06979) Importer(815301076,1909f56bfc062723c751e8b465ee728b)
Start importing Assets/Dreamteck/Splines/Components/Icons/ParticleController.png using Guid(c78150f2237d29247b0f01c770f06979) Importer(815301076,1909f56bfc062723c751e8b465ee728b)  -> (artifact id: '1c843e760b3fe232a4c9660f3b36a400') in 0.011003 seconds 
  Import took 0.015748 seconds .

========================================================================
Received Import Request.
  Time since last request: 0.043215 seconds.
  path: Assets/Dreamteck/Splines/Components/Icons/PathGenerator.png
  artifactKey: Guid(71dadc4e471c37945ba62bf068cf1468) Importer(815301076,1909f56bfc062723c751e8b465ee728b)
Start importing Assets/Dreamteck/Splines/Components/Icons/PathGenerator.png using Guid(71dadc4e471c37945ba62bf068cf1468) Importer(815301076,1909f56bfc062723c751e8b465ee728b)  -> (artifact id: 'd21e141289a2f7c6d9fc7397f913e4a0') in 0.010647 seconds 
  Import took 0.015893 seconds .

========================================================================
Received Import Request.
  Time since last request: 0.000213 seconds.
  path: Assets/ExampleAssets/Textures/Plastic/Plastic_AlbedoSmoothness.tif
  artifactKey: Guid(1f89fed00b6bc904c861ab847a811cb8) Importer(815301076,1909f56bfc062723c751e8b465ee728b)
Start importing Assets/ExampleAssets/Textures/Plastic/Plastic_AlbedoSmoothness.tif using Guid(1f89fed00b6bc904c861ab847a811cb8) Importer(815301076,1909f56bfc062723c751e8b465ee728b)  -> (artifact id: 'bb02a7176ffbb99bef0ec2cde4bcd2a1') in 0.013184 seconds 
  Import took 0.018971 seconds .

========================================================================
Received Import Request.
  Time since last request: 0.000222 seconds.
  path: Assets/Dreamteck/Utilities/Editor/Images/pdf.png
  artifactKey: Guid(3cd14c6e15dcfdb41b9a79ef8554198d) Importer(815301076,1909f56bfc062723c751e8b465ee728b)
Start importing Assets/Dreamteck/Utilities/Editor/Images/pdf.png using Guid(3cd14c6e15dcfdb41b9a79ef8554198d) Importer(815301076,1909f56bfc062723c751e8b465ee728b)  -> (artifact id: '20f5e35873dfed5e6547b776d003387e') in 0.012881 seconds 
  Import took 0.018270 seconds .

========================================================================
Received Import Request.
  Time since last request: 2.033069 seconds.
  path: Assets/Dreamteck/Splines/Editor/Icons/remove.png
  artifactKey: Guid(34ec387670b2ac84198cf7daf3f99b53) Importer(815301076,1909f56bfc062723c751e8b465ee728b)
Start importing Assets/Dreamteck/Splines/Editor/Icons/remove.png using Guid(34ec387670b2ac84198cf7daf3f99b53) Importer(815301076,1909f56bfc062723c751e8b465ee728b)  -> (artifact id: '56e2d78c440e0c8602bb39f1c9acb5c2') in 0.016444 seconds 
  Import took 0.021170 seconds .

========================================================================
Received Import Request.
  Time since last request: 0.000201 seconds.
  path: Assets/Dreamteck/Splines/Editor/Icons/remove_on_dark.png
  artifactKey: Guid(f7ec1d1aa89e3594bb4563b68b1055bd) Importer(815301076,1909f56bfc062723c751e8b465ee728b)
Start importing Assets/Dreamteck/Splines/Editor/Icons/remove_on_dark.png using Guid(f7ec1d1aa89e3594bb4563b68b1055bd) Importer(815301076,1909f56bfc062723c751e8b465ee728b)  -> (artifact id: 'c6ab4f747a8911e828fda5f2fce3696d') in 0.009547 seconds 
  Import took 0.013735 seconds .

========================================================================
Received Import Request.
  Time since last request: 0.000218 seconds.
  path: Assets/Dreamteck/Utilities/Editor/Images/tmpro.png
  artifactKey: Guid(46f43b30b6801ed4d85d58179e7ab3b0) Importer(815301076,1909f56bfc062723c751e8b465ee728b)
Start importing Assets/Dreamteck/Utilities/Editor/Images/tmpro.png using Guid(46f43b30b6801ed4d85d58179e7ab3b0) Importer(815301076,1909f56bfc062723c751e8b465ee728b)  -> (artifact id: '0ff8a8d7ddcbfb5a6a25009c1606073f') in 0.015134 seconds 
  Import took 0.019788 seconds .

========================================================================
Received Import Request.
  Time since last request: 0.000200 seconds.
  path: Assets/Dreamteck/Splines/Editor/Icons/remove_dark.png
  artifactKey: Guid(6c52483422841154a88cf13e132c0252) Importer(815301076,1909f56bfc062723c751e8b465ee728b)
Start importing Assets/Dreamteck/Splines/Editor/Icons/remove_dark.png using Guid(6c52483422841154a88cf13e132c0252) Importer(815301076,1909f56bfc062723c751e8b465ee728b)  -> (artifact id: 'da28bc155e9d2066302de945953a8d4e') in 0.010018 seconds 
  Import took 0.014386 seconds .

========================================================================
Received Import Request.
  Time since last request: 0.000210 seconds.
  path: Assets/ExampleAssets/Textures/Props/HardHat/SafetyHat_MetallicOcculusionSmoothness.tif
  artifactKey: Guid(6f61f8dd4499250438f1aa39448e860a) Importer(815301076,1909f56bfc062723c751e8b465ee728b)
Start importing Assets/ExampleAssets/Textures/Props/HardHat/SafetyHat_MetallicOcculusionSmoothness.tif using Guid(6f61f8dd4499250438f1aa39448e860a) Importer(815301076,1909f56bfc062723c751e8b465ee728b)  -> (artifact id: '26061bc1b7846d289bf693a31d7703b5') in 0.020254 seconds 
  Import took 0.025797 seconds .

========================================================================
Received Import Request.
  Time since last request: 0.000208 seconds.
  path: Assets/Dreamteck/Splines/Components/Icons/SplineComputer.png
  artifactKey: Guid(3c4c2926f013fcf498c19b14b90050c5) Importer(815301076,1909f56bfc062723c751e8b465ee728b)
Start importing Assets/Dreamteck/Splines/Components/Icons/SplineComputer.png using Guid(3c4c2926f013fcf498c19b14b90050c5) Importer(815301076,1909f56bfc062723c751e8b465ee728b)  -> (artifact id: '0997bcea641eafb63dee8873464da4fe') in 0.013904 seconds 
  Import took 0.020178 seconds .

========================================================================
Received Import Request.
  Time since last request: 0.000319 seconds.
  path: Assets/Dreamteck/Splines/Components/Icons/SplineMesh.png
  artifactKey: Guid(832e3a79eca687941a031a046045c8cc) Importer(815301076,1909f56bfc062723c751e8b465ee728b)
Start importing Assets/Dreamteck/Splines/Components/Icons/SplineMesh.png using Guid(832e3a79eca687941a031a046045c8cc) Importer(815301076,1909f56bfc062723c751e8b465ee728b)  -> (artifact id: '7b674d0964a7cc1ea34546bc68508add') in 0.014687 seconds 
  Import took 0.022074 seconds .

========================================================================
Received Import Request.
  Time since last request: 0.000248 seconds.
  path: Assets/Dreamteck/Splines/Components/Icons/SplineMorph.png
  artifactKey: Guid(5a7f65ad6116cff448644595264d0ae4) Importer(815301076,1909f56bfc062723c751e8b465ee728b)
Start importing Assets/Dreamteck/Splines/Components/Icons/SplineMorph.png using Guid(5a7f65ad6116cff448644595264d0ae4) Importer(815301076,1909f56bfc062723c751e8b465ee728b)  -> (artifact id: '463ef3c1ecd21a77be1d178e1d2ced19') in 0.015111 seconds 
  Import took 0.019961 seconds .

========================================================================
Received Import Request.
  Time since last request: 0.000218 seconds.
  path: Assets/Dreamteck/Splines/Components/Icons/WaveformGenerator.png
  artifactKey: Guid(608905f522fa0644398876606b832e68) Importer(815301076,1909f56bfc062723c751e8b465ee728b)
Start importing Assets/Dreamteck/Splines/Components/Icons/WaveformGenerator.png using Guid(608905f522fa0644398876606b832e68) Importer(815301076,1909f56bfc062723c751e8b465ee728b)  -> (artifact id: '7cb3d26ae0857a3175d1d0b685d52c1c') in 0.012993 seconds 
  Import took 0.019454 seconds .

========================================================================
Received Import Request.
  Time since last request: 0.000353 seconds.
  path: Assets/ExampleAssets/Textures/Props/HardHat/SafetyHat_Normal.tif
  artifactKey: Guid(d608c45da8580c9408ee50eb9a8c40f3) Importer(815301076,1909f56bfc062723c751e8b465ee728b)
Start importing Assets/ExampleAssets/Textures/Props/HardHat/SafetyHat_Normal.tif using Guid(d608c45da8580c9408ee50eb9a8c40f3) Importer(815301076,1909f56bfc062723c751e8b465ee728b)  -> (artifact id: '34feb7234c533f8685830bf60b9e3c67') in 0.027167 seconds 
  Import took 0.034221 seconds .

========================================================================
Received Import Request.
  Time since last request: 0.000242 seconds.
  path: Assets/Dreamteck/Splines/Editor/Icons/remove_on.png
  artifactKey: Guid(3597e623538af98449ca9f6d8a5b182e) Importer(815301076,1909f56bfc062723c751e8b465ee728b)
Start importing Assets/Dreamteck/Splines/Editor/Icons/remove_on.png using Guid(3597e623538af98449ca9f6d8a5b182e) Importer(815301076,1909f56bfc062723c751e8b465ee728b)  -> (artifact id: '8ff1af474f278681a859b760e770ae41') in 0.013742 seconds 
  Import took 0.018560 seconds .

========================================================================
Received Prepare
Registering precompiled user dll's ...
Registered in 0.004909 seconds.
Begin MonoManager ReloadAssembly
Native extension for WindowsStandalone target not found
Refreshing native plugins compatible for Editor in 0.77 ms, found 2 plugins.
Preloading 0 native plugins for Editor in 0.00 ms.
Mono: successfully reloaded assembly
- Completed reload, in  1.376 seconds
Domain Reload Profiling:
	ReloadAssembly (1376ms)
		BeginReloadAssembly (134ms)
			ExecutionOrderSort (0ms)
			DisableScriptedObjects (7ms)
			BackupInstance (0ms)
			ReleaseScriptingObjects (0ms)
			CreateAndSetChildDomain (43ms)
		EndReloadAssembly (1172ms)
			LoadAssemblies (96ms)
			RebuildTransferFunctionScriptingTraits (0ms)
			SetupTypeCache (449ms)
			ReleaseScriptCaches (2ms)
			RebuildScriptCaches (48ms)
			SetupLoadedEditorAssemblies (395ms)
				LogAssemblyErrors (0ms)
				InitializePlatformSupportModulesInManaged (5ms)
				SetLoadedEditorAssemblies (0ms)
				RefreshPlugins (1ms)
				BeforeProcessingInitializeOnLoad (109ms)
				ProcessInitializeOnLoadAttributes (269ms)
				ProcessInitializeOnLoadMethodAttributes (5ms)
				AfterProcessingInitializeOnLoad (5ms)
				EditorAssembliesLoaded (0ms)
			ExecutionOrderSort2 (0ms)
			AwakeInstancesAfterBackupRestoration (18ms)
Platform modules already initialized, skipping
Switching build target platform(19) subTarget(0) extendedPlatform(0) -> platform(13) subTarget(537395200) extendedPlatform(0)
Refreshing native plugins compatible for Editor in 0.50 ms, found 2 plugins.
Preloading 0 native plugins for Editor in 0.00 ms.
Unloading 2767 Unused Serialized files (Serialized files now loaded: 0)
System memory in use before: 126.1 MB.
System memory in use after: 126.3 MB.

Unloading 14 unused Assets to reduce memory usage. Loaded Objects now: 3408.
Total: 4.737000 ms (FindLiveObjects: 0.552100 ms CreateObjectMapping: 0.277700 ms MarkObjects: 3.882400 ms  DeleteObjects: 0.022700 ms)

AssetImportParameters requested are different than current active one (requested -> active):
  custom:framework-win-MediaFoundation: 216162199b28c13a410421893ffa2e32 -> 
  custom:video-decoder-ogg-theora: a1e56fd34408186e4bbccfd4996cb3dc -> 
  custom:container-muxer-webm: aa71ff27fc2769a1b78a27578f13a17b -> 
  custom:container-demuxer-webm: 4f35f7cbe854078d1ac9338744f61a02 -> 
  custom:container-demuxer-ogg: 62fdf1f143b41e24485cea50d1cbac27 -> 
  custom:video-encoder-webm-vp8: eb34c28f22e8b96e1ab97ce403110664 -> 
  custom:video-codec-MediaFoundation-h265: 746d11721c4dcdbdad8f713fa42b33f4 -> 
  custom:video-decoder-webm-vp8: 9c59270c3fd7afecdb556c50c9e8de78 -> 
  custom:graphics/normal-map-encoding: 01000000000000000000000000000000 -> 02000000000000000000000000000000
  custom:audio-decoder-ogg-vorbis: bf7c407c2cedff20999df2af8eb42d56 -> 
  custom:audio-encoder-webm-vorbis: bf7c407c2cedff20999df2af8eb42d56 -> 
AssetImportWorkerClient::OnTransportError - code=2 error=End of file
